[    0.000000] Linux version 4.15.0-72-generic (buildd@lcy01-amd64-026) (gcc version 7.4.0 (Ubuntu 7.4.0-1ubuntu1~18.04.1)) #81-Ubuntu SMP Tue Nov 26 12:20:02 UTC 2019 (Ubuntu 4.15.0-72.81-generic 4.15.18)
[    0.000000] Command line: BOOT_IMAGE=/boot/vmlinuz-4.15.0-72-generic root=LABEL=cloudimg-rootfs ro console=tty1 console=ttyS0
[    0.000000] KERNEL supported cpus:
[    0.000000]   Intel GenuineIntel
[    0.000000]   AMD AuthenticAMD
[    0.000000]   Centaur CentaurHauls
[    0.000000] [Firmware Bug]: TSC doesn't count with P0 frequency!
[    0.000000] x86/fpu: Supporting XSAVE feature 0x001: 'x87 floating point registers'
[    0.000000] x86/fpu: Supporting XSAVE feature 0x002: 'SSE registers'
[    0.000000] x86/fpu: Supporting XSAVE feature 0x004: 'AVX registers'
[    0.000000] x86/fpu: xstate_offset[2]:  576, xstate_sizes[2]:  256
[    0.000000] x86/fpu: Enabled xstate features 0x7, context size is 832 bytes, using 'standard' format.
[    0.000000] e820: BIOS-provided physical RAM map:
[    0.000000] BIOS-e820: [mem 0x0000000000000000-0x000000000009fbff] usable
[    0.000000] BIOS-e820: [mem 0x000000000009fc00-0x000000000009ffff] reserved
[    0.000000] BIOS-e820: [mem 0x00000000000f0000-0x00000000000fffff] reserved
[    0.000000] BIOS-e820: [mem 0x0000000000100000-0x000000000ffeffff] usable
[    0.000000] BIOS-e820: [mem 0x000000000fff0000-0x000000000fffffff] ACPI data
[    0.000000] BIOS-e820: [mem 0x00000000fec00000-0x00000000fec00fff] reserved
[    0.000000] BIOS-e820: [mem 0x00000000fee00000-0x00000000fee00fff] reserved
[    0.000000] BIOS-e820: [mem 0x00000000fffc0000-0x00000000ffffffff] reserved
[    0.000000] NX (Execute Disable) protection: active
[    0.000000] SMBIOS 2.5 present.
[    0.000000] DMI: innotek GmbH VirtualBox/VirtualBox, BIOS VirtualBox 12/01/2006
[    0.000000] Hypervisor detected: KVM
[    0.000000] e820: last_pfn = 0xfff0 max_arch_pfn = 0x400000000
[    0.000000] MTRR: Disabled
[    0.000000] x86/PAT: MTRRs disabled, skipping PAT initialization too.
[    0.000000] CPU MTRRs all blank - virtualized system.
[    0.000000] x86/PAT: Configuration [0-7]: WB  WT  UC- UC  WB  WT  UC- UC  
[    0.000000] found SMP MP-table at [mem 0x0009fff0-0x0009ffff]
[    0.000000] Scanning 1 areas for low memory corruption
[    0.000000] RAMDISK: [mem 0x0dc32000-0x0eef2fff]
[    0.000000] ACPI: Early table checksum verification disabled
[    0.000000] ACPI: RSDP 0x00000000000E0000 000024 (v02 VBOX  )
[    0.000000] ACPI: XSDT 0x000000000FFF0030 00003C (v01 VBOX   VBOXXSDT 00000001 ASL  00000061)
[    0.000000] ACPI: FACP 0x000000000FFF00F0 0000F4 (v04 VBOX   VBOXFACP 00000001 ASL  00000061)
[    0.000000] ACPI: DSDT 0x000000000FFF0470 0022EA (v02 VBOX   VBOXBIOS 00000002 INTL 20100528)
[    0.000000] ACPI: FACS 0x000000000FFF0200 000040
[    0.000000] ACPI: FACS 0x000000000FFF0200 000040
[    0.000000] ACPI: APIC 0x000000000FFF0240 000054 (v02 VBOX   VBOXAPIC 00000001 ASL  00000061)
[    0.000000] ACPI: SSDT 0x000000000FFF02A0 0001CC (v01 VBOX   VBOXCPUT 00000002 INTL 20100528)
[    0.000000] No NUMA configuration found
[    0.000000] Faking a node at [mem 0x0000000000000000-0x000000000ffeffff]
[    0.000000] NODE_DATA(0) allocated [mem 0x0ffc5000-0x0ffeffff]
[    0.000000] kvm-clock: cpu 0, msr 0:ff44001, primary cpu clock
[    0.000000] kvm-clock: Using msrs 4b564d01 and 4b564d00
[    0.000000] kvm-clock: using sched offset of 3169539117 cycles
[    0.000000] clocksource: kvm-clock: mask: 0xffffffffffffffff max_cycles: 0x1cd42e4dffb, max_idle_ns: 881590591483 ns
[    0.000000] Zone ranges:
[    0.000000]   DMA      [mem 0x0000000000001000-0x0000000000ffffff]
[    0.000000]   DMA32    [mem 0x0000000001000000-0x000000000ffeffff]
[    0.000000]   Normal   empty
[    0.000000]   Device   empty
[    0.000000] Movable zone start for each node
[    0.000000] Early memory node ranges
[    0.000000]   node   0: [mem 0x0000000000001000-0x000000000009efff]
[    0.000000]   node   0: [mem 0x0000000000100000-0x000000000ffeffff]
[    0.000000] Reserved but unavailable: 98 pages
[    0.000000] Initmem setup node 0 [mem 0x0000000000001000-0x000000000ffeffff]
[    0.000000] ACPI: PM-Timer IO Port: 0x4008
[    0.000000] IOAPIC[0]: apic_id 1, version 32, address 0xfec00000, GSI 0-23
[    0.000000] ACPI: INT_SRC_OVR (bus 0 bus_irq 0 global_irq 2 dfl dfl)
[    0.000000] ACPI: INT_SRC_OVR (bus 0 bus_irq 9 global_irq 9 low level)
[    0.000000] Using ACPI (MADT) for SMP configuration information
[    0.000000] smpboot: Allowing 1 CPUs, 0 hotplug CPUs
[    0.000000] PM: Registered nosave memory: [mem 0x00000000-0x00000fff]
[    0.000000] PM: Registered nosave memory: [mem 0x0009f000-0x0009ffff]
[    0.000000] PM: Registered nosave memory: [mem 0x000a0000-0x000effff]
[    0.000000] PM: Registered nosave memory: [mem 0x000f0000-0x000fffff]
[    0.000000] e820: [mem 0x10000000-0xfebfffff] available for PCI devices
[    0.000000] Booting paravirtualized kernel on KVM
[    0.000000] clocksource: refined-jiffies: mask: 0xffffffff max_cycles: 0xffffffff, max_idle_ns: 7645519600211568 ns
[    0.000000] random: get_random_bytes called from start_kernel+0x99/0x4fd with crng_init=0
[    0.000000] setup_percpu: NR_CPUS:8192 nr_cpumask_bits:1 nr_cpu_ids:1 nr_node_ids:1
[    0.000000] percpu: Embedded 45 pages/cpu s147456 r8192 d28672 u2097152
[    0.000000] PV qspinlock hash table entries: 256 (order: 0, 4096 bytes)
[    0.000000] Built 1 zonelists, mobility grouping on.  Total pages: 64377
[    0.000000] Policy zone: DMA32
[    0.000000] Kernel command line: BOOT_IMAGE=/boot/vmlinuz-4.15.0-72-generic root=LABEL=cloudimg-rootfs ro console=tty1 console=ttyS0
[    0.000000] Memory: 209428K/261688K available (12300K kernel code, 2481K rwdata, 4264K rodata, 2428K init, 2388K bss, 52260K reserved, 0K cma-reserved)
[    0.000000] SLUB: HWalign=64, Order=0-3, MinObjects=0, CPUs=1, Nodes=1
[    0.000000] ftrace: allocating 39318 entries in 154 pages
[    0.004000] Hierarchical RCU implementation.
[    0.004000] 	RCU restricting CPUs from NR_CPUS=8192 to nr_cpu_ids=1.
[    0.004000] 	Tasks RCU enabled.
[    0.004000] RCU: Adjusting geometry for rcu_fanout_leaf=16, nr_cpu_ids=1
[    0.004000] NR_IRQS: 524544, nr_irqs: 256, preallocated irqs: 16
[    0.004000] Console: colour VGA+ 80x25
[    0.004000] console [tty1] enabled
[    0.004000] console [ttyS0] enabled
[    0.004000] ACPI: Core revision 20170831
[    0.004000] ACPI: 2 ACPI AML tables successfully acquired and loaded
[    0.004000] APIC: Switch to symmetric I/O mode setup
[    0.004000] x2apic enabled
[    0.004000] Switched APIC routing to physical x2apic.
[    0.004000] ..TIMER: vector=0x30 apic1=0 pin1=2 apic2=-1 pin2=-1
[    0.004000] tsc: Detected 3652.674 MHz processor
[    0.004009] Calibrating delay loop (skipped) preset value.. 7305.34 BogoMIPS (lpj=14610696)
[    0.004717] pid_max: default: 32768 minimum: 301
[    0.005446] Security Framework initialized
[    0.005836] Yama: becoming mindful.
[    0.006327] AppArmor: AppArmor initialized
[    0.006907] Dentry cache hash table entries: 32768 (order: 6, 262144 bytes)
[    0.007632] Inode-cache hash table entries: 16384 (order: 5, 131072 bytes)
[    0.008077] Mount-cache hash table entries: 512 (order: 0, 4096 bytes)
[    0.008665] Mountpoint-cache hash table entries: 512 (order: 0, 4096 bytes)
[    0.009699] CPU0: Hyper-Threading is disabled
[    0.010230] Last level iTLB entries: 4KB 1024, 2MB 1024, 4MB 512
[    0.010726] Last level dTLB entries: 4KB 1536, 2MB 1536, 4MB 768, 1GB 0
[    0.012006] Spectre V1 : Mitigation: usercopy/swapgs barriers and __user pointer sanitization
[    0.012906] Spectre V2 : Spectre mitigation: LFENCE not serializing, switching to generic retpoline
[    0.013675] Spectre V2 : Mitigation: Full generic retpoline
[    0.014164] Spectre V2 : Spectre v2 / SpectreRSB mitigation: Filling RSB on context switch
[    0.014936] Speculative Store Bypass: Mitigation: Speculative Store Bypass disabled via prctl and seccomp
[    0.021993] Freeing SMP alternatives memory: 36K
[    0.134299] APIC calibration not consistent with PM-Timer: 101ms instead of 100ms
[    0.135114] APIC delta adjusted to PM-Timer: 6247569 (6366027)
[    0.136052] smpboot: CPU0: AMD Ryzen 5 2400G with Radeon Vega Graphics (family: 0x17, model: 0x11, stepping: 0x0)
[    0.137191] Performance Events: PMU not available due to virtualization, using software events only.
[    0.138200] Hierarchical SRCU implementation.
[    0.140234] NMI watchdog: Perf event create on CPU 0 failed with -2
[    0.140945] NMI watchdog: Perf NMI watchdog permanently disabled
[    0.141673] smp: Bringing up secondary CPUs ...
[    0.142084] smp: Brought up 1 node, 1 CPU
[    0.142750] smpboot: Max logical packages: 1
[    0.143336] smpboot: Total of 1 processors activated (7305.34 BogoMIPS)
[    0.144221] devtmpfs: initialized
[    0.145241] x86/mm: Memory block size: 128MB
[    0.145936] evm: security.selinux
[    0.146442] evm: security.SMACK64
[    0.147116] evm: security.SMACK64EXEC
[    0.148010] evm: security.SMACK64TRANSMUTE
[    0.148442] evm: security.SMACK64MMAP
[    0.148856] evm: security.apparmor
[    0.149241] evm: security.ima
[    0.149573] evm: security.capability
[    0.150448] clocksource: jiffies: mask: 0xffffffff max_cycles: 0xffffffff, max_idle_ns: 7645041785100000 ns
[    0.152025] futex hash table entries: 256 (order: 2, 16384 bytes)
[    0.153027] pinctrl core: initialized pinctrl subsystem
[    0.154375] RTC time: 21:57:53, date: 01/04/20
[    0.155182] NET: Registered protocol family 16
[    0.155836] audit: initializing netlink subsys (disabled)
[    0.156318] cpuidle: using governor ladder
[    0.156817] cpuidle: using governor menu
[    0.157503] ACPI: bus type PCI registered
[    0.157915] acpiphp: ACPI Hot Plug PCI Controller Driver version: 0.5
[    0.160215] PCI: Using configuration type 1 for base access
[    0.160912] PCI: Using configuration type 1 for extended access
[    0.162521] audit: type=2000 audit(1578175077.741:1): state=initialized audit_enabled=0 res=1
[    0.165312] HugeTLB registered 2.00 MiB page size, pre-allocated 0 pages
[    0.166407] ACPI: Added _OSI(Module Device)
[    0.166968] ACPI: Added _OSI(Processor Device)
[    0.167545] ACPI: Added _OSI(3.0 _SCP Extensions)
[    0.168010] ACPI: Added _OSI(Processor Aggregator Device)
[    0.168557] ACPI: Added _OSI(Linux-Dell-Video)
[    0.169482] ACPI: Added _OSI(Linux-Lenovo-NV-HDMI-Audio)
[    0.170344] ACPI: Added _OSI(Linux-HPI-Hybrid-Graphics)
[    0.171285] ACPI: Executed 1 blocks of module-level executable AML code
[    0.175512] ACPI: Interpreter enabled
[    0.176061] ACPI: (supports S0 S5)
[    0.176460] ACPI: Using IOAPIC for interrupt routing
[    0.177370] PCI: Using host bridge windows from ACPI; if necessary, use "pci=nocrs" and report a bug
[    0.178609] ACPI: Enabled 2 GPEs in block 00 to 07
[    0.186397] ACPI: PCI Root Bridge [PCI0] (domain 0000 [bus 00-ff])
[    0.187144] acpi PNP0A03:00: _OSC: OS supports [ExtendedConfig ASPM ClockPM Segments MSI]
[    0.189841] acpi PNP0A03:00: _OSC: platform does not support [PCIeCapability]
[    0.196434] acpi PNP0A03:00: _OSC: not requesting control; platform does not support [PCIeCapability]
[    0.197281] acpi PNP0A03:00: _OSC: OS requested [PCIeHotplug PME AER PCIeCapability]
[    0.198034] acpi PNP0A03:00: _OSC: platform willing to grant [PCIeHotplug PME AER]
[    0.198731] acpi PNP0A03:00: _OSC failed (AE_SUPPORT); disabling ASPM
[    0.199583] PCI host bridge to bus 0000:00
[    0.200009] pci_bus 0000:00: root bus resource [io  0x0000-0x0cf7 window]
[    0.200678] pci_bus 0000:00: root bus resource [io  0x0d00-0xffff window]
[    0.201339] pci_bus 0000:00: root bus resource [mem 0x000a0000-0x000bffff window]
[    0.202259] pci_bus 0000:00: root bus resource [mem 0x10000000-0xfdffffff window]
[    0.203204] pci_bus 0000:00: root bus resource [bus 00-ff]
[    0.205280] pci 0000:00:01.1: legacy IDE quirk: reg 0x10: [io  0x01f0-0x01f7]
[    0.205970] pci 0000:00:01.1: legacy IDE quirk: reg 0x14: [io  0x03f6]
[    0.206624] pci 0000:00:01.1: legacy IDE quirk: reg 0x18: [io  0x0170-0x0177]
[    0.207302] pci 0000:00:01.1: legacy IDE quirk: reg 0x1c: [io  0x0376]
[    0.216808] pci 0000:00:07.0: quirk: [io  0x4000-0x403f] claimed by PIIX4 ACPI
[    0.218305] pci 0000:00:07.0: quirk: [io  0x4100-0x410f] claimed by PIIX4 SMB
[    0.224703] ACPI: PCI Interrupt Link [LNKA] (IRQs 5 9 10 *11)
[    0.225606] ACPI: PCI Interrupt Link [LNKB] (IRQs 5 9 *10 11)
[    0.226445] ACPI: PCI Interrupt Link [LNKC] (IRQs 5 *9 10 11)
[    0.227147] ACPI: PCI Interrupt Link [LNKD] (IRQs 5 9 10 *11)
[    0.228675] SCSI subsystem initialized
[    0.229456] pci 0000:00:02.0: vgaarb: setting as boot VGA device
[    0.230255] pci 0000:00:02.0: vgaarb: VGA device added: decodes=io+mem,owns=io+mem,locks=none
[    0.232012] pci 0000:00:02.0: vgaarb: bridge control possible
[    0.232720] vgaarb: loaded
[    0.233112] ACPI: bus type USB registered
[    0.233591] usbcore: registered new interface driver usbfs
[    0.234210] usbcore: registered new interface driver hub
[    0.234896] usbcore: registered new device driver usb
[    0.235608] EDAC MC: Ver: 3.0.0
[    0.236254] PCI: Using ACPI for IRQ routing
[    0.236982] NetLabel: Initializing
[    0.237528] NetLabel:  domain hash size = 128
[    0.238014] NetLabel:  protocols = UNLABELED CIPSOv4 CALIPSO
[    0.238629] NetLabel:  unlabeled traffic allowed by default
[    0.239509] clocksource: Switched to clocksource kvm-clock
[    0.256045] VFS: Disk quotas dquot_6.6.0
[    0.256683] VFS: Dquot-cache hash table entries: 512 (order 0, 4096 bytes)
[    0.259657] AppArmor: AppArmor Filesystem Enabled
[    0.260373] pnp: PnP ACPI init
[    0.261470] pnp: PnP ACPI: found 3 devices
[    0.268325] clocksource: acpi_pm: mask: 0xffffff max_cycles: 0xffffff, max_idle_ns: 2085701024 ns
[    0.269464] NET: Registered protocol family 2
[    0.270180] TCP established hash table entries: 2048 (order: 2, 16384 bytes)
[    0.272444] TCP bind hash table entries: 2048 (order: 3, 32768 bytes)
[    0.273086] TCP: Hash tables configured (established 2048 bind 2048)
[    0.273759] UDP hash table entries: 256 (order: 1, 8192 bytes)
[    0.274353] UDP-Lite hash table entries: 256 (order: 1, 8192 bytes)
[    0.275045] NET: Registered protocol family 1
[    0.275511] pci 0000:00:00.0: Limiting direct PCI/PCI transfers
[    0.276119] pci 0000:00:01.0: Activating ISA DMA hang workarounds
[    0.276757] pci 0000:00:02.0: Video device with shadowed ROM at [mem 0x000c0000-0x000dffff]
[    0.277698] Unpacking initramfs...
[    0.560983] Freeing initrd memory: 19204K
[    0.561655] clocksource: tsc: mask: 0xffffffffffffffff max_cycles: 0x34a6b254629, max_idle_ns: 440795324527 ns
[    0.562927] platform rtc_cmos: registered platform RTC device (no PNP device found)
[    0.563797] Scanning for low memory corruption every 60 seconds
[    0.565374] Initialise system trusted keyrings
[    0.565995] Key type blacklist registered
[    0.566546] workingset: timestamp_bits=36 max_order=16 bucket_order=0
[    0.569012] zbud: loaded
[    0.570594] squashfs: version 4.0 (2009/01/31) Phillip Lougher
[    0.571821] fuse init (API version 7.26)
[    0.574214] Key type asymmetric registered
[    0.574850] Asymmetric key parser 'x509' registered
[    0.575719] Block layer SCSI generic (bsg) driver version 0.4 loaded (major 246)
[    0.576977] io scheduler noop registered
[    0.577583] io scheduler deadline registered
[    0.578311] io scheduler cfq registered (default)
[    0.579437] ACPI: AC Adapter [AC] (on-line)
[    0.580272] input: Power Button as /devices/LNXSYSTM:00/LNXPWRBN:00/input/input0
[    0.581307] ACPI: Power Button [PWRF]
[    0.581966] input: Sleep Button as /devices/LNXSYSTM:00/LNXSLPBN:00/input/input1
[    0.582997] ACPI: Sleep Button [SLPF]
[    0.583923] Serial: 8250/16550 driver, 32 ports, IRQ sharing enabled
[    0.605546] 00:02: ttyS0 at I/O 0x3f8 (irq = 4, base_baud = 115200) is a 16550A
[    0.608673] Linux agpgart interface v0.103
[    0.611770] loop: module loaded
[    0.613071] scsi host0: ata_piix
[    0.613661] scsi host1: ata_piix
[    0.614241] ata1: PATA max UDMA/33 cmd 0x1f0 ctl 0x3f6 bmdma 0xd000 irq 14
[    0.615712] ata2: PATA max UDMA/33 cmd 0x170 ctl 0x376 bmdma 0xd008 irq 15
[    0.617054] libphy: Fixed MDIO Bus: probed
[    0.617525] tun: Universal TUN/TAP device driver, 1.6
[    0.618129] PPP generic driver version 2.4.2
[    0.618879] ehci_hcd: USB 2.0 'Enhanced' Host Controller (EHCI) Driver
[    0.619573] ehci-pci: EHCI PCI platform driver
[    0.620101] ehci-platform: EHCI generic platform driver
[    0.620689] ohci_hcd: USB 1.1 'Open' Host Controller (OHCI) Driver
[    0.621319] ohci-pci: OHCI PCI platform driver
[    0.621806] ohci-platform: OHCI generic platform driver
[    0.622364] uhci_hcd: USB Universal Host Controller Interface driver
[    0.623128] i8042: PNP: PS/2 Controller [PNP0303:PS2K,PNP0f03:PS2M] at 0x60,0x64 irq 1,12
[    0.624553] serio: i8042 KBD port at 0x60,0x64 irq 1
[    0.625289] serio: i8042 AUX port at 0x60,0x64 irq 12
[    0.625978] mousedev: PS/2 mouse device common for all mice
[    0.626885] input: AT Translated Set 2 keyboard as /devices/platform/i8042/serio0/input/input2
[    0.628240] rtc_cmos rtc_cmos: rtc core: registered rtc_cmos as rtc0
[    0.629012] rtc_cmos rtc_cmos: alarms up to one day, 114 bytes nvram
[    0.629707] i2c /dev entries driver
[    0.630260] device-mapper: uevent: version 1.0.3
[    0.630920] device-mapper: ioctl: 4.37.0-ioctl (2017-09-20) initialised: dm-devel@redhat.com
[    0.631821] ledtrig-cpu: registered to indicate activity on CPUs
[    0.633231] NET: Registered protocol family 10
[    0.637553] Segment Routing with IPv6
[    0.638138] NET: Registered protocol family 17
[    0.638778] Key type dns_resolver registered
[    0.639458] mce: Using 0 MCE banks
[    0.640048] RAS: Correctable Errors collector initialized.
[    0.640893] sched_clock: Marking stable (640826646, 0)->(727362494, -86535848)
[    0.642121] registered taskstats version 1
[    0.642759] Loading compiled-in X.509 certificates
[    0.645782] Loaded X.509 cert 'Build time autogenerated kernel key: f4f7241365689b0cbe3898188e65e316fd8f978d'
[    0.647191] zswap: loaded using pool lzo/zbud
[    0.651389] Key type big_key registered
[    0.651936] Key type trusted registered
[    0.654006] Key type encrypted registered
[    0.654563] AppArmor: AppArmor sha1 policy hashing enabled
[    0.655158] ima: No TPM chip found, activating TPM-bypass! (rc=-19)
[    0.655870] ima: Allocated hash algorithm: sha1
[    0.656513] evm: HMAC attrs: 0x1
[    0.657181]   Magic number: 4:938:1004
[    0.657655] input input1: hash matches
[    0.658209] rtc_cmos rtc_cmos: setting system clock to 2020-01-04 21:57:53 UTC (1578175073)
[    0.659189] BIOS EDD facility v0.16 2004-Jun-25, 0 devices found
[    0.659852] EDD information not available.
[    0.780348] Freeing unused kernel image memory: 2428K
[    0.788048] Write protecting the kernel read-only data: 20480k
[    0.790184] Freeing unused kernel image memory: 2008K
[    0.791513] Freeing unused kernel image memory: 1880K
[    0.800938] x86/mm: Checked W+X mappings: passed, no W+X pages found.
Loading, please wait...
starting version 237
[    0.907152] e1000: Intel(R) PRO/1000 Network Driver - version 7.3.21-k8-NAPI
[    0.908297] e1000: Copyright (c) 1999-2006 Intel Corporation.
[    0.911225] Fusion MPT base driver 3.04.20
[    0.911825] Copyright (c) 1999-2008 LSI Corporation
[    0.929819] Fusion MPT SPI Host driver 3.04.20
[    0.946399] AVX2 version of gcm_enc/dec engaged.
[    0.947055] AES CTR mode by8 optimization enabled
[    1.132292] input: ImExPS/2 Generic Explorer Mouse as /devices/platform/i8042/serio1/input/input4
[    1.295750] e1000 0000:00:03.0 eth0: (PCI:33MHz:32-bit) 02:b7:1f:33:e9:24
[    1.296675] e1000 0000:00:03.0 eth0: Intel(R) PRO/1000 Network Connection
[    1.298414] mptbase: ioc0: Initiating bringup
[    1.392405] ioc0: LSI53C1030 A0: Capabilities={Initiator}
[    1.633691] scsi host2: ioc0: LSI53C1030 A0, FwRev=00000000h, Ports=1, MaxQ=256, IRQ=20
[    1.800443] scsi 2:0:0:0: Direct-Access     VBOX     HARDDISK         1.0  PQ: 0 ANSI: 5
[    1.802283] scsi target2:0:0: Beginning Domain Validation
[    1.805569] scsi target2:0:0: Domain Validation skipping write tests
[    1.806300] scsi target2:0:0: Ending Domain Validation
[    1.806954] scsi target2:0:0: asynchronous
[    1.807541] random: fast init done
[    1.808353] scsi 2:0:1:0: Direct-Access     VBOX     HARDDISK         1.0  PQ: 0 ANSI: 5
[    1.809279] scsi target2:0:1: Beginning Domain Validation
[    1.810454] scsi target2:0:1: Domain Validation skipping write tests
[    1.811157] scsi target2:0:1: Ending Domain Validation
[    1.811788] scsi target2:0:1: asynchronous
[    1.815866] random: systemd-udevd: uninitialized urandom read (16 bytes read)
[    1.816719] random: systemd-udevd: uninitialized urandom read (16 bytes read)
[    1.817522] random: systemd-udevd: uninitialized urandom read (16 bytes read)
[    1.818730] sd 2:0:0:0: [sda] 20971520 512-byte logical blocks: (10.7 GB/10.0 GiB)
[    1.819777] sd 2:0:0:0: [sda] Write Protect is off
[    1.820564] sd 2:0:0:0: [sda] Incomplete mode parameter data
[    1.821286] sd 2:0:0:0: [sda] Assuming drive cache: write through
[    1.823091] sd 2:0:0:0: Attached scsi generic sg0 type 0
[    1.824457] sd 2:0:1:0: [sdb] 20480 512-byte logical blocks: (10.5 MB/10.0 MiB)
[    1.825494] sd 2:0:1:0: [sdb] Write Protect is off
[    1.826596] sd 2:0:1:0: [sdb] Incomplete mode parameter data
[    1.827294] sd 2:0:1:0: [sdb] Assuming drive cache: write through
[    1.828929] sd 2:0:1:0: Attached scsi generic sg1 type 0
[    1.832484]  sda: sda1
[    1.833784] sd 2:0:0:0: [sda] Attached SCSI disk
[    1.837778] sd 2:0:1:0: [sdb] Attached SCSI disk
[    2.175975] e1000 0000:00:08.0 eth1: (PCI:33MHz:32-bit) 08:00:27:3c:a0:b9
[    2.177032] e1000 0000:00:08.0 eth1: Intel(R) PRO/1000 Network Connection
[    2.179467] e1000 0000:00:03.0 enp0s3: renamed from eth0
[    2.182473] e1000 0000:00:08.0 enp0s8: renamed from eth1
Begin: Loading essential drivers ... [    3.584271] raid6: sse2x1   gen()  8784 MB/s
[    3.632038] raid6: sse2x1   xor()  5974 MB/s
[    3.680012] raid6: sse2x2   gen() 15181 MB/s
[    3.728044] raid6: sse2x2   xor()  8955 MB/s
[    3.776051] raid6: sse2x4   gen() 16063 MB/s
[    3.824063] raid6: sse2x4   xor()  8990 MB/s
[    3.872082] raid6: avx2x1   gen() 16670 MB/s
[    3.920081] raid6: avx2x1   xor() 11039 MB/s
[    3.968026] raid6: avx2x2   gen() 20075 MB/s
[    4.016689] raid6: avx2x2   xor() 14174 MB/s
[    4.064295] raid6: avx2x4   gen() 23203 MB/s
[    4.112069] raid6: avx2x4   xor() 12925 MB/s
[    4.112552] raid6: using algorithm avx2x4 gen() 23203 MB/s
[    4.113110] raid6: .... xor() 12925 MB/s, rmw enabled
[    4.113824] raid6: using avx2x2 recovery algorithm
[    4.117221] xor: automatically using best checksumming function   avx       
[    4.119392] async_tx: api initialized (async)
done.
Begin: Running /scripts/init-premount ... done.
Begin: Mounting root file system ... Begin: Running /scripts/local-top ... done.
Begin: Running /scripts/local-premount ... [    4.170668] Btrfs loaded, crc32c=crc32c-intel
Scanning for Btrfs filesystems
done.
Warning: fsck not present, so skipping root file system
[    4.206221] EXT4-fs (sda1): mounted filesystem with ordered data mode. Opts: (null)
done.
Begin: Running /scripts/local-bottom ... done.
Begin: Running /scripts/init-bottom ... done.
[    4.372873] ip_tables: (C) 2000-2006 Netfilter Core Team
[    4.380866] systemd[1]: systemd 237 running in system mode. (+PAM +AUDIT +SELINUX +IMA +APPARMOR +SMACK +SYSVINIT +UTMP +LIBCRYPTSETUP +GCRYPT +GNUTLS +ACL +XZ +LZ4 +SECCOMP +BLKID +ELFUTILS +KMOD -IDN2 +IDN -PCRE2 default-hierarchy=hybrid)
[    4.383352] systemd[1]: Detected virtualization oracle.
[    4.384201] systemd[1]: Detected architecture x86-64.

Welcome to [1mUbuntu 18.04.3 LTS[0m!

[    4.388637] systemd[1]: Set hostname to <ubuntu>.
[    4.391530] systemd[1]: Initializing machine ID from random generator.
[    4.392493] systemd[1]: Installed transient /etc/machine-id file.
[    4.643669] systemd[1]: Set up automount Arbitrary Executable File Formats File System Automount Point.
[[0;32m  OK  [0m] Set up automount Arbitrary Executab…rmats File System Automount Point.
[    4.646315] systemd[1]: Reached target User and Group Name Lookups.
[[0;32m  OK  [0m] Reached target User and Group Name Lookups.
[    4.648920] systemd[1]: Created slice System Slice.
[[0;32m  OK  [0m] Created slice System Slice.
[    4.650673] systemd[1]: Listening on Journal Socket (/dev/log).
[[0;32m  OK  [0m] Listening on Journal Socket (/dev/log).
[[0;32m  OK  [0m] Listening on LVM2 metadata daemon socket.
[[0;32m  OK  [0m] Reached target System Time Synchronized.
[[0;32m  OK  [0m] Created slice User and Session Slice.
[[0;32m  OK  [0m] Reached target Slices.
[[0;32m  OK  [0m] Reached target Swap.
[[0;32m  OK  [0m] Listening on Syslog Socket.
[[0;32m  OK  [0m] Started Forward Password Requests to Wall Directory Watch.
[[0;32m  OK  [0m] Listening on Journal Socket.
         Starting Remount Root and Kernel File Systems...
         Starting Set the console keyboard layout...
         Starting Load Kernel Modules...
         Mounting Huge Pages File System...
         Mounting Kernel Debug File System...
         Starting Uncomplicated firewall...
         Mounting POSIX Message Queue File System...
[[0;32m  OK  [0m] Listening on udev Control Socket.
         Starting Create list of required st…ce nodes for the current kernel...
[[0;32m  OK  [0m] Listening on LVM2 poll daemon socket.
[[0;32m  OK  [0m] Created slice system-serial\x2dgetty.slice.
[[0;32m  OK  [0m] Listening on Device-mapper event daemon FIFOs.
         Starting Monitoring of LVM2 mirrors…ng dmeventd or progress polling...
[[0;32m  OK  [0m] Listening on udev Kernel Socket.
         Starting udev Coldplug all Devices...
[    4.718729] Loading iSCSI transport class v2.0-870.
[[0;32m  OK  [0m] Listening on Journal Audit Socket.
         Starting Journal Service...
[[0;32m  OK  [0m] Listening on Network Service Netlink Socket.
[[0;32m  OK  [0m] Listening on /dev/initctl Compatibility Named Pipe.
[[0;32m  OK  [0m] Started Uncomplicated firewall.
[[0;32m  OK  [0m] Started Create list of required sta…vice nodes for the current kernel.
         Starting Create Static Device Nodes in /dev...
[[0;32m  OK  [0m] Mounted POSIX Message Queue File System.
[[0;32m  OK  [0m] Mounted Huge Pages File System.
[[0;32m  OK  [0m] Mounted Kernel Debug File System.
[[0;32m  OK  [0m] Started LVM2 metadata daemon.
[    4.794522] iscsi: registered transport (tcp)
[[0;32m  OK  [0m] Started Create Static Device Nodes in /dev.
[    4.826951] EXT4-fs (sda1): re-mounted. Opts: (null)
[[0;32m  OK  [0m] Started Remount Root and Kernel File Systems.
         Starting Load/Save Random Seed...
         Starting udev Kernel Device Manager...
[[0;32m  OK  [0m] Started Load/Save Random Seed.
[    4.897939] iscsi: registered transport (iser)
[[0;32m  OK  [0m] Started Load Kernel Modules.
         Mounting FUSE Control File System...
         Starting Apply Kernel Variables...
         Mounting Kernel Configuration File System...
[[0;32m  OK  [0m] Mounted Kernel Configuration File System.
[[0;32m  OK  [0m] Mounted FUSE Control File System.
[[0;32m  OK  [0m] Started Monitoring of LVM2 mirrors,…sing dmeventd or progress polling.
[[0;32m  OK  [0m] Started udev Coldplug all Devices.
[[0;32m  OK  [0m] Started Journal Service.
         Starting Flush Journal to Persistent Storage...
[[0;32m  OK  [0m] Started udev Kernel Device Manager.
[[0;32m  OK  [0m] Started Apply Kernel Variables.
[[0;32m  OK  [0m] Started Flush Journal to Persistent Storage.
[[0;32m  OK  [0m] Started Set the console keyboard layout.
[[0;32m  OK  [0m] Started Dispatch Password Requests to Console Directory Watch.
[[0;32m  OK  [0m] Reached target Local Encrypted Volumes.
[[0;32m  OK  [0m] Reached target Local File Systems (Pre).
[[0;32m  OK  [0m] Reached target Local File Systems.
         Starting Create Volatile Files and Directories...
         Starting Commit a transient machine-id on disk...
         Starting ebtables ruleset management...
         Starting Tell Plymouth To Write Out Runtime Data...
         Starting AppArmor initialization...
         Starting Set console font and keymap...
[[0;32m  OK  [0m] Started Tell Plymouth To Write Out Runtime Data.
[[0;32m  OK  [0m] Started Commit a transient machine-id on disk.
[[0;32m  OK  [0m] Started Set console font and keymap.
[[0;32m  OK  [0m] Started Create Volatile Files and Directories.
         Starting Update UTMP about System Boot/Shutdown...
[[0;32m  OK  [0m] Started Update UTMP about System Boot/Shutdown.
[[0;32m  OK  [0m] Started ebtables ruleset management.
[[0;32m  OK  [0m] Found device /dev/ttyS0.
[[0;32m  OK  [0m] Listening on Load/Save RF Kill Switch Status /dev/rfkill Watch.
[[0;32m  OK  [0m] Started AppArmor initialization.
         Starting Initial cloud-init job (pre-networking)...
[    8.301214] cloud-init[555]: Cloud-init v. 19.3-41-gc4735dd3-0ubuntu1~18.04.1 running 'init-local' at Sat, 04 Jan 2020 21:58:00 +0000. Up 7.85 seconds.
[[0;32m  OK  [0m] Started Initial cloud-init job (pre-networking).
[[0;32m  OK  [0m] Reached target Network (Pre).
         Starting Network Service...
[[0;32m  OK  [0m] Started Network Service.
         Starting Wait for Network to be Configured...
         Starting Network Name Resolution...
[[0;32m  OK  [0m] Started Network Name Resolution.
[[0;32m  OK  [0m] Reached target Host and Network Name Lookups.
[[0;32m  OK  [0m] Reached target Network.
[[0;32m  OK  [0m] Started Wait for Network to be Configured.
         Starting Initial cloud-init job (metadata service crawler)...
[   10.506070] cloud-init[656]: Cloud-init v. 19.3-41-gc4735dd3-0ubuntu1~18.04.1 running 'init' at Sat, 04 Jan 2020 21:58:03 +0000. Up 10.32 seconds.
[   10.506818] cloud-init[656]: ci-info: ++++++++++++++++++++++++++++++++++++++Net device info+++++++++++++++++++++++++++++++++++++++
[   10.508286] cloud-init[656]: ci-info: +--------+-------+----------------------------+---------------+--------+-------------------+
[   10.509003] cloud-init[656]: ci-info: | Device |   Up  |          Address           |      Mask     | Scope  |     Hw-Address    |
[   10.510509] cloud-init[656]: ci-info: +--------+-------+----------------------------+---------------+--------+-------------------+
[   10.512172] cloud-init[656]: ci-info: | enp0s3 |  True |         10.0.2.15          | 255.255.255.0 | global | 02:b7:1f:33:e9:24 |
[   10.514667] cloud-init[656]: ci-info: | enp0s3 |  True | fe80::b7:1fff:fe33:e924/64 |       .       |  link  | 02:b7:1f:33:e9:24 |
[   10.515498] cloud-init[656]: ci-info: | enp0s8 | False |             .              |       .       |   .    | 08:00:27:3c:a0:b9 |
[   10.518019] cloud-init[656]: ci-info: |   lo   |  True |         127.0.0.1          |   255.0.0.0   |  host  |         .         |
[   10.519658] cloud-init[656]: ci-info: |   lo   |  True |          ::1/128           |       .       |  host  |         .         |
[   10.521441] cloud-init[656]: ci-info: +--------+-------+----------------------------+---------------+--------+-------------------+
[   10.522467] cloud-init[656]: ci-info: ++++++++++++++++++++++++++++Route IPv4 info+++++++++++++++++++++++++++++
[   10.524002] cloud-init[656]: ci-info: +-------+-------------+----------+-----------------+-----------+-------+
[   10.527570] cloud-init[656]: ci-info: | Route | Destination | Gateway  |     Genmask     | Interface | Flags |
[   10.529770] cloud-init[656]: ci-info: +-------+-------------+----------+-----------------+-----------+-------+
[   10.530701] cloud-init[656]: ci-info: |   0   |   0.0.0.0   | 10.0.2.2 |     0.0.0.0     |   enp0s3  |   UG  |
[   10.532526] cloud-init[656]: ci-info: |   1   |   10.0.2.0  | 0.0.0.0  |  255.255.255.0  |   enp0s3  |   U   |
[   10.536285] cloud-init[656]: ci-info: |   2   |   10.0.2.2  | 0.0.0.0  | 255.255.255.255 |   enp0s3  |   UH  |
[   10.537325] cloud-init[656]: ci-info: +-------+-------------+----------+-----------------+-----------+-------+
[   10.538751] cloud-init[656]: ci-info: +++++++++++++++++++Route IPv6 info+++++++++++++++++++
[   10.540221] cloud-init[656]: ci-info: +-------+-------------+---------+-----------+-------+
[   10.543588] cloud-init[656]: ci-info: | Route | Destination | Gateway | Interface | Flags |
[   10.545402] cloud-init[656]: ci-info: +-------+-------------+---------+-----------+-------+
[   10.547627] cloud-init[656]: ci-info: |   1   |  fe80::/64  |    ::   |   enp0s3  |   U   |
[   10.549831] cloud-init[656]: ci-info: |   3   |    local    |    ::   |   enp0s3  |   U   |
[   10.551013] cloud-init[656]: ci-info: |   4   |   ff00::/8  |    ::   |   enp0s3  |   U   |
[   10.551680] cloud-init[656]: ci-info: +-------+-------------+---------+-----------+-------+
[   11.220708] cloud-init[656]: Generating public/private rsa key pair.
[   11.221514] cloud-init[656]: Your identification has been saved in /etc/ssh/ssh_host_rsa_key.
[   11.222349] cloud-init[656]: Your public key has been saved in /etc/ssh/ssh_host_rsa_key.pub.
[   11.223253] cloud-init[656]: The key fingerprint is:
[   11.224166] cloud-init[656]: SHA256:gGmL+cpmb4gcuvJzO1JWxk7Q23Iq08fQhhJ3MgMC0uI root@ubuntu-bionic
[   11.228272] cloud-init[656]: The key's randomart image is:
[   11.228983] cloud-init[656]: +---[RSA 2048]----+
[   11.229598] cloud-init[656]: |oo. .o           |
[   11.230156] cloud-init[656]: |o ..oo* .        |
[   11.232239] cloud-init[656]: |..  +=.X         |
[   11.232737] cloud-init[656]: | E +..X.=        |
[   11.233595] cloud-init[656]: |  o .B BS        |
[   11.236340] cloud-init[656]: | . .= + o        |
[   11.237135] cloud-init[656]: |o..+.o .         |
[   11.240306] cloud-init[656]: |+o*.+            |
[   11.240920] cloud-init[656]: |o=+*oo           |
[   11.241581] cloud-init[656]: +----[SHA256]-----+
[   11.244197] cloud-init[656]: Generating public/private dsa key pair.
[   11.244907] cloud-init[656]: Your identification has been saved in /etc/ssh/ssh_host_dsa_key.
[   11.248328] cloud-init[656]: Your public key has been saved in /etc/ssh/ssh_host_dsa_key.pub.
[   11.249146] cloud-init[656]: The key fingerprint is:
[   11.249784] cloud-init[656]: SHA256:Pdoui5eYOhF0NmC+rFTR1B+hVbBEiJX99DjNaqxXfFk root@ubuntu-bionic
[   11.250610] cloud-init[656]: The key's randomart image is:
[   11.251324] cloud-init[656]: +---[DSA 1024]----+
[   11.252236] cloud-init[656]: |    ++.+.=*+.    |
[   11.256260] cloud-init[656]: |   o..* ++o..    |
[   11.256861] cloud-init[656]: |   .oo ....+ =   |
[   11.257481] cloud-init[656]: |   o..   .. + + E|
[   11.258050] cloud-init[656]: |  . o.  S o. +  o|
[   11.268252] cloud-init[656]: | . ..    o .+ o..|
[   11.269063] cloud-init[656]: |  .  . o...o . . |
[   11.269848] cloud-init[656]: |    . o.+.. .    |
[   11.270444] cloud-init[656]: |    .o...o..     |
[   11.271091] cloud-init[656]: +----[SHA256]-----+
[   11.276264] cloud-init[656]: Generating public/private ecdsa key pair.
[   11.277033] cloud-init[656]: Your identification has been saved in /etc/ssh/ssh_host_ecdsa_key.
[   11.277868] cloud-init[656]: Your public key has been saved in /etc/ssh/ssh_host_ecdsa_key.pub.
[   11.278704] cloud-init[656]: The key fingerprint is:
[   11.279422] cloud-init[656]: SHA256:wi6gXkS3GVRuUSl0CkJrxPoWTPwRUpOwGfLyb8Om9ZM root@ubuntu-bionic
[   11.282023] cloud-init[656]: The key's randomart image is:
[   11.282738] cloud-init[656]: +---[ECDSA 256]---+
[   11.283451] cloud-init[656]: | .+Bo*=+.o.      |
[   11.284257] cloud-init[656]: |  ++Oo+.+.       |
[   11.288295] cloud-init[656]: | .+B.o.+.        |
[   11.295104] cloud-init[656]: | .=o.o=          |
[   11.297131] cloud-init[656]: |  oo.oo S        |
[   11.304299] cloud-init[656]: | ..+o. .         |
[   11.305141] cloud-init[656]: |. ...B. .        |
[   11.305812] cloud-init[656]: |. . =.oE         |
[   11.308243] cloud-init[656]: | . .   ..        |
[   11.308864] cloud-init[656]: +----[SHA256]-----+
[   11.309727] cloud-init[656]: Generating public/private ed25519 key pair.
[   11.310650] cloud-init[656]: Your identification has been saved in /etc/ssh/ssh_host_ed25519_key.
[   11.312310] cloud-init[656]: Your public key has been saved in /etc/ssh/ssh_host_ed25519_key.pub.
[   11.316250] cloud-init[656]: The key fingerprint is:
[   11.317215] cloud-init[656]: SHA256:JH19kxBwk6eRrDGzaykJkIioO/fbeKRMLjKkiap4eu0 root@ubuntu-bionic
[   11.318276] cloud-init[656]: The key's randomart image is:
[   11.319063] cloud-init[656]: +--[ED25519 256]--+
[   11.324234] cloud-init[656]: |.. . .    .o=+   |
[   11.324772] cloud-init[656]: |o . o  .  +o=o.. |
[   11.325534] cloud-init[656]: |.    .. o .*.++  |
[   11.326336] cloud-init[656]: |.     .o .o .. . |
[   11.327173] cloud-init[656]: | .     .S. o     |
[   11.327976] cloud-init[656]: |o.. . . o +      |
[   11.332258] cloud-init[656]: |++ * o   o       |
[   11.344267] cloud-init[656]: |B + *o.          |
[   11.344712] cloud-init[656]: |B* oEo.          |
[   11.345323] cloud-init[656]: +----[SHA256]-----+
[[0;32m  OK  [0m] Started Initial cloud-init job (metadata service crawler).
[[0;32m  OK  [0m] Reached target System Initialization.
[[0;32m  OK  [0m] Started Message of the Day.
[[0;32m  OK  [0m] Listening on Open-iSCSI iscsid Socket.
[[0;32m  OK  [0m] Started Daily apt download activities.
[[0;32m  OK  [0m] Started Daily apt upgrade and clean activities.
         Starting Socket activation for snappy daemon.
[[0;32m  OK  [0m] Started Discard unused blocks once a week.
[[0;32m  OK  [0m] Started Daily Cleanup of Temporary Directories.
[[0;32m  OK  [0m] Reached target Timers.
[[0;32m  OK  [0m] Started ACPI Events Check.
[[0;32m  OK  [0m] Reached target Paths.
[[0;32m  OK  [0m] Listening on D-Bus System Message Bus Socket.
[[0;32m  OK  [0m] Listening on ACPID Listen Socket.
[[0;32m  OK  [0m] Listening on UUID daemon activation socket.
         Starting LXD - unix socket.
[[0;32m  OK  [0m] Reached target Network is Online.
[[0;32m  OK  [0m] Reached target Remote File Systems (Pre).
[[0;32m  OK  [0m] Reached target Remote File Systems.
         Starting Availability of block devices...
[[0;32m  OK  [0m] Reached target Cloud-config availability.
[[0;32m  OK  [0m] Listening on Socket activation for snappy daemon.
[[0;32m  OK  [0m] Listening on LXD - unix socket.
[[0;32m  OK  [0m] Reached target Sockets.
[[0;32m  OK  [0m] Reached target Basic System.
         Starting LSB: Record successful boot for GRUB...
         Starting Pollinate to seed the pseudo random number generator...
         Starting LSB: automatic crash report generation...
         Starting Login Service...
         Starting Virtualbox guest utils...
[[0;32m  OK  [0m] Started FUSE filesystem for LXC.
[[0;32m  OK  [0m] Started Regular background program processing daemon.
         Starting Accounts Service...
[[0;32m  OK  [0m] Started D-Bus System Message Bus.
         Starting Permit User Sessions...
         Starting Dispatcher daemon for systemd-networkd...
         Starting System Logging Service...
[[0;32m  OK  [0m] Started irqbalance daemon.
         Starting LXD - container startup/shutdown...
[[0;32m  OK  [0m] Started Deferred execution scheduler.
         Starting Snappy daemon...
[[0;32m  OK  [0m] Started System Logging Service.
[[0;32m  OK  [0m] Started Availability of block devices.
[[0;32m  OK  [0m] Started Permit User Sessions.
[[0;32m  OK  [0m] Started Login Service.
         Starting Authorization Manager...
[[0;32m  OK  [0m] Started Unattended Upgrades Shutdown.
         Starting Hold until boot process finishes up...
         Starting Terminate Plymouth Boot Screen...
[[0;32m  OK  [0m] Started Hold until boot process finishes up.
         Starting Set console scheme...
[[0;32m  OK  [0m] Started Serial Getty on ttyS0.
[[0;32m  OK  [0m] Started Terminate Plymouth Boot Screen.
[[0;32m  OK  [0m] Started Set console scheme.
[[0;32m  OK  [0m] Created slice system-getty.slice.
[[0;32m  OK  [0m] Started Getty on tty1.
[[0;32m  OK  [0m] Reached target Login Prompts.
[[0;32m  OK  [0m] Started LSB: automatic crash report generation.
[[0;32m  OK  [0m] Started LSB: Record successful boot for GRUB.
[[0;32m  OK  [0m] Started LXD - container startup/shutdown.
[[0;32m  OK  [0m] Started Virtualbox guest utils.
[[0;32m  OK  [0m] Started Authorization Manager.
[[0;32m  OK  [0m] Started Accounts Service.
[[0;32m  OK  [0m] Started Dispatcher daemon for systemd-networkd.
[[0;32m  OK  [0m] Started Snappy daemon.
         Starting Wait until snapd is fully seeded...
[[0;32m  OK  [0m] Started Pollinate to seed the pseudo random number generator.
         Starting OpenBSD Secure Shell server...
[[0;32m  OK  [0m] Started OpenBSD Secure Shell server.
[[0;32m  OK  [0m] Created slice User Slice of vagrant.
         Starting User Manager for UID 1000...
[[0;32m  OK  [0m] Started Session 1 of user vagrant.
[[0;32m  OK  [0m] Started User Manager for UID 1000.
[[0;32m  OK  [0m] Started Wait until snapd is fully seeded.
[[0;32m  OK  [0m] Reached target Multi-User System.
[[0;32m  OK  [0m] Reached target Graphical Interface.
         Starting Update UTMP about System Runlevel Changes...
         Starting Apply the settings specified in cloud-config...
[[0;32m  OK  [0m] Started Update UTMP about System Runlevel Changes.
[   17.236886] cloud-init[1035]: Cloud-init v. 19.3-41-gc4735dd3-0ubuntu1~18.04.1 running 'modules:config' at Sat, 04 Jan 2020 21:58:08 +0000. Up 16.06 seconds.

Ubuntu 18.04.3 LTS ubuntu-bionic ttyS0

ubuntu-bionic login: ci-info: no authorized ssh keys fingerprints found for user ubuntu.
<14>Jan  4 21:58:11 ec2: 
<14>Jan  4 21:58:11 ec2: #############################################################
<14>Jan  4 21:58:11 ec2: -----BEGIN SSH HOST KEY FINGERPRINTS-----
<14>Jan  4 21:58:11 ec2: 1024 SHA256:Pdoui5eYOhF0NmC+rFTR1B+hVbBEiJX99DjNaqxXfFk root@ubuntu-bionic (DSA)
<14>Jan  4 21:58:11 ec2: 256 SHA256:wi6gXkS3GVRuUSl0CkJrxPoWTPwRUpOwGfLyb8Om9ZM root@ubuntu-bionic (ECDSA)
<14>Jan  4 21:58:11 ec2: 256 SHA256:JH19kxBwk6eRrDGzaykJkIioO/fbeKRMLjKkiap4eu0 root@ubuntu-bionic (ED25519)
<14>Jan  4 21:58:11 ec2: 2048 SHA256:gGmL+cpmb4gcuvJzO1JWxk7Q23Iq08fQhhJ3MgMC0uI root@ubuntu-bionic (RSA)
<14>Jan  4 21:58:11 ec2: -----END SSH HOST KEY FINGERPRINTS-----
<14>Jan  4 21:58:11 ec2: #############################################################
-----BEGIN SSH HOST KEY KEYS-----
ecdsa-sha2-nistp256 AAAAE2VjZHNhLXNoYTItbmlzdHAyNTYAAAAIbmlzdHAyNTYAAABBBA0HrmOIG2TVpDavmJhO72bkWp+w0kn4C7cauUFsYN7lMzuyVDiHhdM4aQtAW5F/TeaRgS0gqxau+NICH7lZ4Rs= root@ubuntu-bionic
ssh-ed25519 AAAAC3NzaC1lZDI1NTE5AAAAIF0u7jExF14Cgxe+eDdHUE/rXPQw8Pp9Ik+O0O06z/ip root@ubuntu-bionic
ssh-rsa AAAAB3NzaC1yc2EAAAADAQABAAABAQCnhuk3q2j5zPl5d2wM/lH9pzll9++qpP0NW11UyBzEW9qmM35Q+sAIQNo22RoCH3Cwyw6/LtHzbKc+xFRV98CQpYjdmpwnz0QgAvERkRQ4hl/Q1Kf0/+l8f8q7SJz4ocvOcCsYeA+xt+8IjdJRWPFTIvjplO4FA3h2zNX0tHqULxeUS3OX1cAVVYmChaUCNZHtQRs8F1nHmp4dGr1F/iLnl4y5yn9ltV2u8FAcnhdoqAraorW31eJAnvVH/XQOY7J9OHCgpMIbx095uy8mLy+YgC04xkiDdWY8cwAB9pgbjrMjINrYl82ZT03DS38It6MH92usRh/cWMHWc2r9YLjP root@ubuntu-bionic
-----END SSH HOST KEY KEYS-----
[   18.862052] cloud-init[1164]: Cloud-init v. 19.3-41-gc4735dd3-0ubuntu1~18.04.1 running 'modules:final' at Sat, 04 Jan 2020 21:58:11 +0000. Up 18.51 seconds.
[   18.862698] cloud-init[1164]: ci-info: no authorized ssh keys fingerprints found for user ubuntu.
[   18.863245] cloud-init[1164]: Cloud-init v. 19.3-41-gc4735dd3-0ubuntu1~18.04.1 finished at Sat, 04 Jan 2020 21:58:11 +0000. Datasource DataSourceNoCloud [seed=/dev/sdb][dsmode=net].  Up 18.85 seconds
